<?xml version="1.0" encoding="UTF-8"?>
<coverage generated="1538744753783" clover="3.2.0">
  <project timestamp="1538744753784" name="All files">
    <metrics statements="5" coveredstatements="5" conditionals="4" coveredconditionals="3" methods="2" coveredmethods="2" elements="11" coveredelements="10" complexity="0" loc="5" ncloc="5" packages="1" files="2" classes="2">
      <file name="Main.jsx" path="C:\Users\QA-Brest\Desktop\reactjs-films-homework\src\js\Components\Signature\Main.jsx">
        <metrics statements="5" coveredstatements="5" conditionals="4" coveredconditionals="3" methods="2" coveredmethods="2"/>
        <line num="1" count="1" type="stmt"/>
        <line num="3" count="3" type="cond" truecount="3" falsecount="1"/>
        <line num="6" count="1" type="stmt"/>
        <line num="8" count="1" type="stmt"/>
        <line num="16" count="1" type="stmt"/>
      </file>
      <file name="style.scss" path="C:\Users\QA-Brest\Desktop\reactjs-films-homework\src\js\Components\Signature\style.scss">
        <metrics statements="0" coveredstatements="0" conditionals="0" coveredconditionals="0" methods="0" coveredmethods="0"/>
      </file>
    </metrics>
  </project>
</coverage>
